<?xml version="1.0" encoding="UTF-8"?>
<testsuite name="com.utn.proyectoAPIREST.ProyectoApirestApplicationTests" tests="1" skipped="0" failures="0" errors="0" timestamp="2023-10-03T18:00:27" hostname="DESKTOP-2HM62O5" time="2.302">
  <properties/>
  <testcase name="contextLoads()" classname="com.utn.proyectoAPIREST.ProyectoApirestApplicationTests" time="2.302"/>
  <system-out><![CDATA[14:59:54.151 [Test worker] INFO org.springframework.test.context.support.AnnotationConfigContextLoaderUtils -- Could not detect default configuration classes for test class [com.utn.proyectoAPIREST.ProyectoApirestApplicationTests]: ProyectoApirestApplicationTests does not declare any static, non-private, non-final, nested classes annotated with @Configuration.
14:59:55.893 [Test worker] INFO org.springframework.boot.test.context.SpringBootTestContextBootstrapper -- Found @SpringBootConfiguration com.utn.proyectoAPIREST.ProyectoApirestApplication for test class com.utn.proyectoAPIREST.ProyectoApirestApplicationTests

  .   ____          _            __ _ _
 /\\ / ___'_ __ _ _(_)_ __  __ _ \ \ \ \
( ( )\___ | '_ | '_| | '_ \/ _` | \ \ \ \
 \\/  ___)| |_)| | | | | || (_| |  ) ) ) )
  '  |____| .__|_| |_|_| |_\__, | / / / /
 =========|_|==============|___/=/_/_/_/
 :: Spring Boot ::                (v3.1.4)

2023-10-03T14:59:58.192-03:00  INFO 6296 --- [    Test worker] c.u.p.ProyectoApirestApplicationTests    : Starting ProyectoApirestApplicationTests using Java 17.0.8 with PID 6296 (started by Intel in C:\Users\Intel\Desktop\DESARROLLO DE SOFTWARE\PROYECTOS SPRING (profe Alberto)\proyectoAPIREST)
2023-10-03T14:59:58.200-03:00  INFO 6296 --- [    Test worker] c.u.p.ProyectoApirestApplicationTests    : No active profile set, falling back to 1 default profile: "default"
2023-10-03T15:00:02.656-03:00  INFO 6296 --- [    Test worker] .s.d.r.c.RepositoryConfigurationDelegate : Bootstrapping Spring Data JPA repositories in DEFAULT mode.
2023-10-03T15:00:02.951-03:00  INFO 6296 --- [    Test worker] .s.d.r.c.RepositoryConfigurationDelegate : Finished Spring Data repository scanning in 259 ms. Found 3 JPA repository interfaces.
2023-10-03T15:00:04.812-03:00  INFO 6296 --- [    Test worker] o.hibernate.jpa.internal.util.LogHelper  : HHH000204: Processing PersistenceUnitInfo [name: default]
2023-10-03T15:00:05.095-03:00  INFO 6296 --- [    Test worker] org.hibernate.Version                    : HHH000412: Hibernate ORM core version 6.2.9.Final
2023-10-03T15:00:05.104-03:00  INFO 6296 --- [    Test worker] org.hibernate.cfg.Environment            : HHH000406: Using bytecode reflection optimizer
2023-10-03T15:00:05.784-03:00  INFO 6296 --- [    Test worker] o.h.e.boot.internal.EnversServiceImpl    : Envers integration enabled? : true
2023-10-03T15:00:05.882-03:00  INFO 6296 --- [    Test worker] o.h.b.i.BytecodeProviderInitiator        : HHH000021: Bytecode provider name : bytebuddy
2023-10-03T15:00:07.118-03:00  INFO 6296 --- [    Test worker] o.s.o.j.p.SpringPersistenceUnitInfo      : No LoadTimeWeaver setup: ignoring JPA class transformer
2023-10-03T15:00:07.181-03:00  INFO 6296 --- [    Test worker] com.zaxxer.hikari.HikariDataSource       : HikariPool-1 - Starting...
2023-10-03T15:00:08.610-03:00  INFO 6296 --- [    Test worker] com.zaxxer.hikari.pool.HikariPool        : HikariPool-1 - Added connection conn0: url=jdbc:h2:mem:./db_persona user=SA
2023-10-03T15:00:08.615-03:00  INFO 6296 --- [    Test worker] com.zaxxer.hikari.HikariDataSource       : HikariPool-1 - Start completed.
2023-10-03T15:00:10.458-03:00  INFO 6296 --- [    Test worker] o.h.b.i.BytecodeProviderInitiator        : HHH000021: Bytecode provider name : bytebuddy
2023-10-03T15:00:13.372-03:00  INFO 6296 --- [    Test worker] o.h.e.t.j.p.i.JtaPlatformInitiator       : HHH000490: Using JtaPlatform implementation: [org.hibernate.engine.transaction.jta.platform.internal.NoJtaPlatform]
Hibernate: create table autor (id bigint generated by default as identity, apellido varchar(255), biografia varchar(1500), nombre varchar(255), primary key (id))
Hibernate: create table domicilio (id bigint generated by default as identity, calle varchar(255), numero integer not null, id_localidad bigint not null, primary key (id))
Hibernate: create table libro (id bigint generated by default as identity, fecha integer not null, genero varchar(255), paginas integer not null, titulo varchar(255), primary key (id))
Hibernate: create table libro_autores (libro_id bigint not null, autores_id bigint not null)
Hibernate: create table localidad (id bigint generated by default as identity, denominacion varchar(255), primary key (id))
Hibernate: create table persona (id bigint generated by default as identity, dni integer not null, apellido varchar(255), nombre varchar(255), id_domicilio bigint, primary key (id))
Hibernate: create table persona_libro (id_persona bigint not null, id_libro bigint not null)
Hibernate: alter table if exists persona drop constraint if exists UK_oneaeif3al91rfwiwrlapy1uc
Hibernate: alter table if exists persona add constraint UK_oneaeif3al91rfwiwrlapy1uc unique (id_domicilio)
Hibernate: alter table if exists persona_libro drop constraint if exists UK_cl5g6u6wj9xyn9823yuiovcpk
Hibernate: alter table if exists persona_libro add constraint UK_cl5g6u6wj9xyn9823yuiovcpk unique (id_libro)
Hibernate: alter table if exists domicilio add constraint FKqrmmkejvimmve55527wv6ujtr foreign key (id_localidad) references localidad
Hibernate: alter table if exists libro_autores add constraint FK4n6u17jdtrjai8yitxsmm7tly foreign key (autores_id) references autor
Hibernate: alter table if exists libro_autores add constraint FKsoheqe18ertlksjno9y33x0am foreign key (libro_id) references libro
Hibernate: alter table if exists persona add constraint FKk7mhrlqj0vul6eopsww3wbh5f foreign key (id_domicilio) references domicilio
Hibernate: alter table if exists persona_libro add constraint FK1wgvsl21ggmuatdpdu0fmq9uk foreign key (id_libro) references libro
Hibernate: alter table if exists persona_libro add constraint FKbjvk7as2opf8fl0pkhe8x6pou foreign key (id_persona) references persona
2023-10-03T15:00:14.080-03:00  INFO 6296 --- [    Test worker] j.LocalContainerEntityManagerFactoryBean : Initialized JPA EntityManagerFactory for persistence unit 'default'
2023-10-03T15:00:20.897-03:00  WARN 6296 --- [    Test worker] JpaBaseConfiguration$JpaWebConfiguration : spring.jpa.open-in-view is enabled by default. Therefore, database queries may be performed during view rendering. Explicitly configure spring.jpa.open-in-view to disable this warning
2023-10-03T15:00:27.346-03:00  INFO 6296 --- [    Test worker] o.s.b.a.h2.H2ConsoleAutoConfiguration    : H2 console available at '/h2-console'. Database available at 'jdbc:h2:mem:./db_persona'
2023-10-03T15:00:27.782-03:00  INFO 6296 --- [    Test worker] c.u.p.ProyectoApirestApplicationTests    : Started ProyectoApirestApplicationTests in 31.055 seconds (process running for 42.265)
]]></system-out>
  <system-err><![CDATA[]]></system-err>
</testsuite>
